<?xml version="1.0" encoding="UTF-8"?>
<!-- Generated by org.testng.reporters.JUnitReportReporter -->
<testsuite hostname="fadevpc3" failures="0" tests="2" name="TestNg.Annotation" time="9.726" errors="0" timestamp="2023-06-24T17:59:27 IST" skipped="0">
  <testcase classname="TestNg.Annotation" name="verifyLoginPage" time="5.746"/>
  <system-out>
    <![CDATA[Login Page Validate Seccessfully]]>
  </system-out>
  <testcase classname="TestNg.Annotation" name="validateLogin" time="3.980"/>
  <system-out>
    <![CDATA[Login Successfully]]>
  </system-out>
</testsuite> <!-- TestNg.Annotation -->
